 <rohit>
	<test>
		<params>
		<tag>input0<tag>
		<value>output0</value>
		<params>
	</test>
	<test>
		<params>
		<tag>input1<tag>
		<value>output12</value>
	<params>
	</test>
	<test>
		<params>
		<tag>input1<tag>

	<ENVIORNMENT>tes_500,tes_520,tes_600</ENVIRONMENT>
</rohit>
