 <rohit>
	<test>
	<params>
	<tag>input<tag>
	<value>output</value>
	<params>
	</test>
</rohit>
