 <rohit>
	<test>
		<params>
		<tag>input1<tag>
		<value>output1</value>
		<params>
	</test>
	<test>
		<params>
		<tag>input1<tag>
		<value></value>
	<params>
	<conflict>This a addition would create conflict</conflict>
	</test>
	<test>
		<params>
		<tag>input1<tag>

	<ENVIORNMENT>tes_500,tes_520,tes_600</ENVIRONMENT>
</rohit>
