 <rohit>
	<test>
		<params>
		<tag>input0<tag>
		<value>output0</value>
		<params>
	</test>
	<test>
		<params>
		<tag>input1<tag>
		<value>output12</value>
	<params>
	<conflict>Thisa addition would create conflict</conflict>
	</test>
	<test>
		<params>
		<tag>input1<tag>

</rohit>
